<?xml version="1.0" encoding="UTF-8"?>
<!-- Generated by org.testng.reporters.JUnitReportReporter -->
<testsuite hostname="Srikanths-MacBook-Air.local" failures="0" tests="3" name="test.PersonaLoan" time="0.000" errors="0" timestamp="2024-04-30T18:36:53 IST" skipped="0">
  <testcase classname="test.PersonaLoan" name="PLAPILogin" time="0.000"/>
  <testcase classname="test.PersonaLoan" name="PLMobileApplicatinLogin" time="0.000"/>
  <testcase classname="test.PersonaLoan" name="PLWebApplicatinLogin" time="0.000"/>
</testsuite> <!-- test.PersonaLoan -->
