<?xml version="1.0" encoding="UTF-8"?>
<!-- Generated by org.testng.reporters.JUnitReportReporter -->
<testsuite hostname="Srikanths-MacBook-Air.local" failures="0" tests="1" name="test.ClassTest" time="0.001" errors="0" timestamp="2024-04-30T18:36:53 IST" skipped="0">
  <testcase classname="test.ClassTest" name="test2" time="0.001"/>
</testsuite> <!-- test.ClassTest -->
