<?xml version="1.0" encoding="UTF-8"?>
<!-- Generated by org.testng.reporters.JUnitReportReporter -->
<testsuite hostname="Srikanths-MacBook-Air.local" failures="0" tests="3" name="opps.Urls" time="0.002" errors="0" timestamp="2024-05-01T13:21:37 IST" skipped="0">
  <testcase classname="opps.Urls" name="twofactorAuthentication" time="0.002"/>
  <testcase classname="opps.Urls" name="DevUrl" time="0.000"/>
  <testcase classname="opps.Urls" name="UATUrl" time="0.000"/>
</testsuite> <!-- opps.Urls -->
