<?xml version="1.0" encoding="UTF-8"?>
<!-- Generated by org.testng.reporters.JUnitReportReporter -->
<testsuite hostname="Srikanths-MacBook-Air.local" failures="0" tests="7" name="opps.Modules1" time="0.005" errors="0" timestamp="2024-05-01T13:28:03 IST" skipped="0">
  <testcase classname="opps.Modules1" name="UATUrl" time="0.001"/>
  <testcase classname="opps.Modules1" name="VP" time="0.000"/>
  <testcase classname="opps.Modules1" name="client" time="0.000"/>
  <testcase classname="opps.Modules1" name="Manager" time="0.001"/>
  <testcase classname="opps.Modules1" name="DevUrl" time="0.001"/>
  <testcase classname="opps.Modules1" name="endUser" time="0.000"/>
  <testcase classname="opps.Modules1" name="twofactorAuthentication" time="0.002"/>
</testsuite> <!-- opps.Modules1 -->
