<?xml version="1.0" encoding="UTF-8"?>
<!-- Generated by org.testng.reporters.JUnitReportReporter -->
<testsuite hostname="Srikanths-MacBook-Air.local" failures="0" tests="1" name="opps.users" time="0.002" errors="0" timestamp="2024-05-02T12:47:13 IST" skipped="0">
  <testcase classname="opps.users" name="runTest" time="0.002"/>
</testsuite> <!-- opps.users -->
