<?xml version="1.0" encoding="UTF-8"?>
<!-- Generated by org.testng.reporters.JUnitReportReporter -->
<testsuite hostname="Srikanths-MacBook-Air.local" failures="0" tests="3" name="test.HomeLoan" time="0.002" errors="0" timestamp="2024-04-30T18:36:53 IST" skipped="0">
  <testcase classname="test.HomeLoan" name="HomeWebApplicatinLogin" time="0.000"/>
  <testcase classname="test.HomeLoan" name="HomeMobileApplicatinLogin" time="0.001"/>
  <testcase classname="test.HomeLoan" name="HomeAPILogin" time="0.001"/>
</testsuite> <!-- test.HomeLoan -->
