<?xml version="1.0" encoding="UTF-8"?>
<!-- Generated by org.testng.reporters.JUnitReportReporter -->
<testsuite hostname="Srikanths-MacBook-Air.local" failures="0" tests="12" name="opps.Module2" time="0.010" errors="0" timestamp="2024-05-01T13:24:14 IST" skipped="0">
  <testcase classname="opps.Module2" name="UATUrl" time="0.001"/>
  <testcase classname="opps.Module2" name="UPI" time="0.001"/>
  <testcase classname="opps.Module2" name="VP" time="0.000"/>
  <testcase classname="opps.Module2" name="endUser" time="0.001"/>
  <testcase classname="opps.Module2" name="twofactorAuthentication" time="0.002"/>
  <testcase classname="opps.Module2" name="payments" time="0.001"/>
  <testcase classname="opps.Module2" name="debitCard" time="0.001"/>
  <testcase classname="opps.Module2" name="Manager" time="0.000"/>
  <testcase classname="opps.Module2" name="DevUrl" time="0.001"/>
  <testcase classname="opps.Module2" name="netBanking" time="0.000"/>
  <testcase classname="opps.Module2" name="ThirdPartyApps" time="0.001"/>
  <testcase classname="opps.Module2" name="client" time="0.001"/>
</testsuite> <!-- opps.Module2 -->
