<?xml version="1.0" encoding="UTF-8"?>
<!-- Generated by org.testng.reporters.JUnitReportReporter -->
<testsuite hostname="Srikanths-MacBook-Air.local" failures="0" tests="1" name="test.Base" time="0.003" errors="0" timestamp="2024-04-30T18:36:53 IST" skipped="0">
  <testcase classname="test.Base" name="test1" time="0.003"/>
</testsuite> <!-- test.Base -->
